<?xml version="1.0" encoding="UTF-8"?>
<!-- Generated by org.testng.reporters.JUnitReportReporter -->
<testsuite hostname="Laxmi-PC" name="com.stcroix.runner.Runner" tests="1" failures="0" timestamp="27 Jun 2019 09:21:32 GMT" time="0.091" errors="0">
  <testcase name="feature" time="0.091" classname="com.stcroix.runner.Runner"/>
</testsuite> <!-- com.stcroix.runner.Runner -->
